This is pdfTeX, Version 3.14159265-2.6-1.40.15 (TeX Live 2014) (preloaded format=pdflatex 2014.5.25)  23 DEC 2014 17:39
entering extended mode
 restricted \write18 enabled.
 file:line:error style messages enabled.
 %&-line parsing enabled.
**Table2.tex
(./Table2.tex
LaTeX2e <2014/05/01>
Babel <3.9k> and hyphenation patterns for 78 languages loaded.

./Table2.tex:2: LaTeX Error: Environment table undefined.

See the LaTeX manual or LaTeX Companion for explanation.
Type  H <return>  for immediate help.
 ...                                              
                                                  
l.2 \begin{table}
                 [htbp]
? 
./Table2.tex:2: Emergency stop.
 ...                                              
                                                  
l.2 \begin{table}
                 [htbp]
Your command was ignored.
Type  I <command> <return>  to replace it with another command,
or  <return>  to continue without it.

 
Here is how much of TeX's memory you used:
 7 strings out of 493117
 264 string characters out of 6135433
 52909 words of memory out of 5000000
 3569 multiletter control sequences out of 15000+600000
 3640 words of font info for 14 fonts, out of 8000000 for 9000
 1141 hyphenation exceptions out of 8191
 5i,0n,4p,65b,16s stack positions out of 5000i,500n,10000p,200000b,80000s
./Table2.tex:2:  ==> Fatal error occurred, no output PDF file produced!
